<?xml version="1.0" encoding="UTF-8"?>
<!-- Generated by org.testng.reporters.JUnitReportReporter -->
<testsuite hostname="DESKTOP-IJLUITG" failures="0" tests="3" name="SeleniumPractice.Selenium1.DataProviderExam" time="0.043" errors="0" timestamp="2024-04-30T22:32:17 IST" skipped="0">
  <testcase classname="SeleniumPractice.Selenium1.DataProviderExam" name="getCredentials" time="0.038"/>
  <system-out/>
  <testcase classname="SeleniumPractice.Selenium1.DataProviderExam" name="getCredentials" time="0.003"/>
  <system-out/>
  <testcase classname="SeleniumPractice.Selenium1.DataProviderExam" name="getCredentials" time="0.002"/>
  <system-out/>
</testsuite> <!-- SeleniumPractice.Selenium1.DataProviderExam -->
