<?xml version="1.0" encoding="UTF-8"?>
<!-- Generated by org.testng.reporters.JUnitReportReporter -->
<testsuite hostname="DESKTOP-IJLUITG" failures="0" tests="3" name="com.seleniumPractice.CheckBoxRadioDemo" time="173.159" errors="0" timestamp="2024-05-11T01:22:11 IST" skipped="0">
  <testcase classname="com.seleniumPractice.CheckBoxRadioDemo" name="selectRadioBtn" time="45.404"/>
  <system-out/>
  <testcase classname="com.seleniumPractice.CheckBoxRadioDemo" name="checkBoxFunctionality_TC001" time="79.090"/>
  <system-out/>
  <testcase classname="com.seleniumPractice.CheckBoxRadioDemo" name="dropDownFunc" time="48.665"/>
  <system-out/>
</testsuite> <!-- com.seleniumPractice.CheckBoxRadioDemo -->
